<?xml version="1.0" encoding="UTF-8"?>
<testng-results ignored="0" total="1" passed="1" failed="0" skipped="0">
  <reporter-output>
  </reporter-output>
  <suite started-at="2023-04-11T18:17:58 IST" name="Default suite" finished-at="2023-04-11T18:18:04 IST" duration-ms="5775">
    <groups>
    </groups>
    <test started-at="2023-04-11T18:17:58 IST" name="Default test" finished-at="2023-04-11T18:18:04 IST" duration-ms="5775">
      <class name="com.SeleniumV4.Practice.HandlingShadowRoot">
        <test-method signature="shadowRootPractice()[pri:0, instance:com.SeleniumV4.Practice.HandlingShadowRoot@47e2e487]" started-at="2023-04-11T18:17:59 IST" name="shadowRootPractice" finished-at="2023-04-11T18:18:04 IST" duration-ms="5723" status="PASS">
          <reporter-output>
          </reporter-output>
        </test-method> <!-- shadowRootPractice -->
      </class> <!-- com.SeleniumV4.Practice.HandlingShadowRoot -->
    </test> <!-- Default test -->
  </suite> <!-- Default suite -->
</testng-results>
