<?xml version="1.0" encoding="UTF-8"?>
<testng-results ignored="0" total="1" passed="1" failed="0" skipped="0">
  <reporter-output>
  </reporter-output>
  <suite started-at="2023-04-04T17:59:58 IST" name="Default suite" finished-at="2023-04-04T18:00:04 IST" duration-ms="6233">
    <groups>
    </groups>
    <test started-at="2023-04-04T17:59:58 IST" name="Default test" finished-at="2023-04-04T18:00:04 IST" duration-ms="6233">
      <class name="com.SeleniumV4.Practice.PrintWebPageAsPDF">
        <test-method signature="saveWebPageAsPDF()[pri:0, instance:com.SeleniumV4.Practice.PrintWebPageAsPDF@51e69659]" started-at="2023-04-04T17:59:58 IST" name="saveWebPageAsPDF" finished-at="2023-04-04T18:00:04 IST" duration-ms="6178" status="PASS">
          <reporter-output>
          </reporter-output>
        </test-method> <!-- saveWebPageAsPDF -->
      </class> <!-- com.SeleniumV4.Practice.PrintWebPageAsPDF -->
    </test> <!-- Default test -->
  </suite> <!-- Default suite -->
</testng-results>
